0 info it worked if it ends with ok
1 verbose cli [ '/home/rhalff/.nvm/versions/node/v5.2.0/bin/node',
1 verbose cli   '/home/rhalff/.nvm/versions/node/v5.2.0/bin/npm',
1 verbose cli   'i',
1 verbose cli   'libxsltjs',
1 verbose cli   '--save' ]
2 info using npm@3.7.2
3 info using node@v5.2.0
4 silly loadCurrentTree Starting
5 silly install loadCurrentTree
6 silly install readLocalPackageData
7 silly fetchPackageMetaData libxsltjs@0.x.x
8 silly fetchNamedPackageData libxsltjs
9 silly mapToRegistry name libxsltjs
10 silly mapToRegistry using default registry
11 silly mapToRegistry registry https://registry.npmjs.org/
12 silly mapToRegistry uri https://registry.npmjs.org/libxsltjs
13 verbose request uri https://registry.npmjs.org/libxsltjs
14 verbose request no auth needed
15 info attempt registry request try #1 at 3:27:52 AM
16 verbose request using bearer token for auth
17 verbose request id 80abe2421dcdbdd5
18 verbose etag "9E4FV4S719HBS3WXIXTU0POWK"
19 http request GET https://registry.npmjs.org/libxsltjs
20 http 304 https://registry.npmjs.org/libxsltjs
21 verbose headers { 'cache-control': 'max-age=300',
21 verbose headers   'accept-ranges': 'bytes',
21 verbose headers   date: 'Tue, 22 Mar 2016 02:27:53 GMT',
21 verbose headers   via: '1.1 varnish',
21 verbose headers   connection: 'keep-alive',
21 verbose headers   'x-served-by': 'cache-ams4125-AMS',
21 verbose headers   'x-cache': 'MISS',
21 verbose headers   'x-cache-hits': '0',
21 verbose headers   'x-timer': 'S1458613673.097312,VS0,VE363' }
22 silly get cb [ 304,
22 silly get   { 'cache-control': 'max-age=300',
22 silly get     'accept-ranges': 'bytes',
22 silly get     date: 'Tue, 22 Mar 2016 02:27:53 GMT',
22 silly get     via: '1.1 varnish',
22 silly get     connection: 'keep-alive',
22 silly get     'x-served-by': 'cache-ams4125-AMS',
22 silly get     'x-cache': 'MISS',
22 silly get     'x-cache-hits': '0',
22 silly get     'x-timer': 'S1458613673.097312,VS0,VE363' } ]
23 verbose etag https://registry.npmjs.org/libxsltjs from cache
24 verbose get saving libxsltjs to /home/rhalff/.npm/registry.npmjs.org/libxsltjs/.cache.json
25 verbose correctMkdir /home/rhalff/.npm correctMkdir not in flight; initializing
26 silly install normalizeTree
27 silly loadCurrentTree Finishing
28 silly loadIdealTree Starting
29 silly install loadIdealTree
30 silly cloneCurrentTree Starting
31 silly install cloneCurrentTreeToIdealTree
32 silly cloneCurrentTree Finishing
33 silly loadShrinkwrap Starting
34 silly install loadShrinkwrap
35 silly loadShrinkwrap Finishing
36 silly loadAllDepsIntoIdealTree Starting
37 silly install loadAllDepsIntoIdealTree
38 silly resolveWithNewModule libxsltjs@0.1.2 checking installable status
39 silly cache add args [ 'libxsltjs@0.x.x', null ]
40 verbose cache add spec libxsltjs@0.x.x
41 silly cache add parsed spec Result {
41 silly cache add   raw: 'libxsltjs@0.x.x',
41 silly cache add   scope: null,
41 silly cache add   name: 'libxsltjs',
41 silly cache add   rawSpec: '0.x.x',
41 silly cache add   spec: '>=0.0.0 <1.0.0',
41 silly cache add   type: 'range' }
42 silly addNamed libxsltjs@>=0.0.0 <1.0.0
43 verbose addNamed ">=0.0.0 <1.0.0" is a valid semver range for libxsltjs
44 silly addNameRange { name: 'libxsltjs', range: '>=0.0.0 <1.0.0', hasData: false }
45 silly mapToRegistry name libxsltjs
46 silly mapToRegistry using default registry
47 silly mapToRegistry registry https://registry.npmjs.org/
48 silly mapToRegistry uri https://registry.npmjs.org/libxsltjs
49 verbose addNameRange registry:https://registry.npmjs.org/libxsltjs not in flight; fetching
50 verbose get https://registry.npmjs.org/libxsltjs not expired, no request
51 silly addNameRange number 2 { name: 'libxsltjs', range: '>=0.0.0 <1.0.0', hasData: true }
52 silly addNameRange versions [ 'libxsltjs', [ '0.1.0', '0.1.1', '0.1.2' ] ]
53 silly addNamed libxsltjs@0.1.2
54 verbose addNamed "0.1.2" is a plain semver version for libxsltjs
55 silly cache afterAdd libxsltjs@0.1.2
56 verbose afterAdd /home/rhalff/.npm/libxsltjs/0.1.2/package/package.json not in flight; writing
57 verbose correctMkdir /home/rhalff/.npm correctMkdir not in flight; initializing
58 verbose afterAdd /home/rhalff/.npm/libxsltjs/0.1.2/package/package.json written
59 silly loadAllDepsIntoIdealTree Finishing
60 silly idealTree:prePrune nodule-xslt@0.0.2
60 silly idealTree:prePrune ├── async@1.5.2
60 silly idealTree:prePrune ├── balanced-match@0.3.0
60 silly idealTree:prePrune ├── brace-expansion@1.1.3
60 silly idealTree:prePrune ├── chit@0.5.1
60 silly idealTree:prePrune ├── chix-chi@0.3.2
60 silly idealTree:prePrune ├── chix-flow@0.12.0
60 silly idealTree:prePrune ├─┬ chix-loader@0.4.0
60 silly idealTree:prePrune │ ├── glob@5.0.15
60 silly idealTree:prePrune │ └── minimatch@3.0.0
60 silly idealTree:prePrune ├── colors@0.6.2
60 silly idealTree:prePrune ├── combined-stream@1.0.5
60 silly idealTree:prePrune ├── commander@2.7.1
60 silly idealTree:prePrune ├── component-emitter@1.2.0
60 silly idealTree:prePrune ├── concat-map@0.0.1
60 silly idealTree:prePrune ├── cookiejar@2.0.6
60 silly idealTree:prePrune ├── core-util-is@1.0.2
60 silly idealTree:prePrune ├── cycle@1.0.3
60 silly idealTree:prePrune ├── d@0.1.1
60 silly idealTree:prePrune ├── debug@2.2.0
60 silly idealTree:prePrune ├── deep-equal@0.2.2
60 silly idealTree:prePrune ├── defined@0.0.0
60 silly idealTree:prePrune ├── delayed-stream@1.0.0
60 silly idealTree:prePrune ├── dyslexer@0.3.2
60 silly idealTree:prePrune ├── es5-ext@0.10.11
60 silly idealTree:prePrune ├── es6-iterator@2.0.0
60 silly idealTree:prePrune ├── es6-map@0.1.3
60 silly idealTree:prePrune ├── es6-set@0.1.4
60 silly idealTree:prePrune ├── es6-symbol@3.0.2
60 silly idealTree:prePrune ├── event-emitter@0.3.4
60 silly idealTree:prePrune ├── extend@3.0.0
60 silly idealTree:prePrune ├── eyes@0.1.8
60 silly idealTree:prePrune ├─┬ fbpx@1.4.1
60 silly idealTree:prePrune │ └── chix-flow@0.11.3
60 silly idealTree:prePrune ├── form-data@1.0.0-rc3
60 silly idealTree:prePrune ├── formidable@1.0.17
60 silly idealTree:prePrune ├─┬ glob@5.0.3
60 silly idealTree:prePrune │ └── minimatch@2.0.10
60 silly idealTree:prePrune ├── graceful-readlink@1.0.1
60 silly idealTree:prePrune ├── i@0.3.4
60 silly idealTree:prePrune ├── inflight@1.0.4
60 silly idealTree:prePrune ├── inherits@2.0.1
60 silly idealTree:prePrune ├── instance-of@1.0.5
60 silly idealTree:prePrune ├── iobox@0.7.0
60 silly idealTree:prePrune ├── is-plain-object@0.1.0
60 silly idealTree:prePrune ├── isarray@0.0.1
60 silly idealTree:prePrune ├── isstream@0.1.2
60 silly idealTree:prePrune ├── json-gate@0.8.22
60 silly idealTree:prePrune ├── libxsltjs@0.1.2
60 silly idealTree:prePrune ├── lru-cache@2.7.3
60 silly idealTree:prePrune ├── methods@1.1.2
60 silly idealTree:prePrune ├── mime-db@1.22.0
60 silly idealTree:prePrune ├── mime-types@2.1.10
60 silly idealTree:prePrune ├── mime@1.3.4
60 silly idealTree:prePrune ├── minimatch@0.3.0
60 silly idealTree:prePrune ├── minimist@0.0.8
60 silly idealTree:prePrune ├── mkdirp@0.5.1
60 silly idealTree:prePrune ├── ms@0.7.1
60 silly idealTree:prePrune ├── mute-stream@0.0.6
60 silly idealTree:prePrune ├── namify@0.1.3
60 silly idealTree:prePrune ├── ncp@0.4.2
60 silly idealTree:prePrune ├── object-inspect@0.4.0
60 silly idealTree:prePrune ├── once@1.3.3
60 silly idealTree:prePrune ├── path-is-absolute@1.0.0
60 silly idealTree:prePrune ├── pkginfo@0.4.0
60 silly idealTree:prePrune ├── prompt@0.2.14
60 silly idealTree:prePrune ├── qs@2.3.3
60 silly idealTree:prePrune ├── read@1.0.7
60 silly idealTree:prePrune ├── readable-stream@1.0.27-1
60 silly idealTree:prePrune ├── reduce-component@1.0.1
60 silly idealTree:prePrune ├── reserved@0.1.2
60 silly idealTree:prePrune ├── resumer@0.0.0
60 silly idealTree:prePrune ├── revalidator@0.1.8
60 silly idealTree:prePrune ├─┬ rimraf@2.5.2
60 silly idealTree:prePrune │ ├── glob@7.0.3
60 silly idealTree:prePrune │ └── minimatch@3.0.0
60 silly idealTree:prePrune ├── sigmund@1.0.1
60 silly idealTree:prePrune ├── sprintf@0.1.5
60 silly idealTree:prePrune ├── stack-trace@0.0.9
60 silly idealTree:prePrune ├── string_decoder@0.10.31
60 silly idealTree:prePrune ├── superagent@1.8.2
60 silly idealTree:prePrune ├─┬ tape@3.6.1
60 silly idealTree:prePrune │ └── glob@3.2.11
60 silly idealTree:prePrune ├── through@2.3.8
60 silly idealTree:prePrune ├─┬ utile@0.2.1
60 silly idealTree:prePrune │ └── async@0.2.10
60 silly idealTree:prePrune ├── uuid@2.0.1
60 silly idealTree:prePrune ├─┬ winston@0.8.3
60 silly idealTree:prePrune │ ├── async@0.2.10
60 silly idealTree:prePrune │ └── pkginfo@0.3.1
60 silly idealTree:prePrune └── wrappy@1.0.1
61 silly loadIdealTree Finishing
62 silly currentTree nodule-xslt@0.0.2
62 silly currentTree ├── async@1.5.2
62 silly currentTree ├── balanced-match@0.3.0
62 silly currentTree ├── brace-expansion@1.1.3
62 silly currentTree ├── chit@0.5.1
62 silly currentTree ├── chix-chi@0.3.2
62 silly currentTree ├── chix-flow@0.12.0
62 silly currentTree ├─┬ chix-loader@0.4.0
62 silly currentTree │ ├── glob@5.0.15
62 silly currentTree │ └── minimatch@3.0.0
62 silly currentTree ├── colors@0.6.2
62 silly currentTree ├── combined-stream@1.0.5
62 silly currentTree ├── commander@2.7.1
62 silly currentTree ├── component-emitter@1.2.0
62 silly currentTree ├── concat-map@0.0.1
62 silly currentTree ├── cookiejar@2.0.6
62 silly currentTree ├── core-util-is@1.0.2
62 silly currentTree ├── cycle@1.0.3
62 silly currentTree ├── d@0.1.1
62 silly currentTree ├── debug@2.2.0
62 silly currentTree ├── deep-equal@0.2.2
62 silly currentTree ├── defined@0.0.0
62 silly currentTree ├── delayed-stream@1.0.0
62 silly currentTree ├── dyslexer@0.3.2
62 silly currentTree ├── es5-ext@0.10.11
62 silly currentTree ├── es6-iterator@2.0.0
62 silly currentTree ├── es6-map@0.1.3
62 silly currentTree ├── es6-set@0.1.4
62 silly currentTree ├── es6-symbol@3.0.2
62 silly currentTree ├── event-emitter@0.3.4
62 silly currentTree ├── extend@3.0.0
62 silly currentTree ├── eyes@0.1.8
62 silly currentTree ├─┬ fbpx@1.4.1
62 silly currentTree │ └── chix-flow@0.11.3
62 silly currentTree ├── form-data@1.0.0-rc3
62 silly currentTree ├── formidable@1.0.17
62 silly currentTree ├─┬ glob@5.0.3
62 silly currentTree │ └── minimatch@2.0.10
62 silly currentTree ├── graceful-readlink@1.0.1
62 silly currentTree ├── i@0.3.4
62 silly currentTree ├── inflight@1.0.4
62 silly currentTree ├── inherits@2.0.1
62 silly currentTree ├── instance-of@1.0.5
62 silly currentTree ├── iobox@0.7.0
62 silly currentTree ├── is-plain-object@0.1.0
62 silly currentTree ├── isarray@0.0.1
62 silly currentTree ├── isstream@0.1.2
62 silly currentTree ├── json-gate@0.8.22
62 silly currentTree ├── lru-cache@2.7.3
62 silly currentTree ├── methods@1.1.2
62 silly currentTree ├── mime-db@1.22.0
62 silly currentTree ├── mime-types@2.1.10
62 silly currentTree ├── mime@1.3.4
62 silly currentTree ├── minimatch@0.3.0
62 silly currentTree ├── minimist@0.0.8
62 silly currentTree ├── mkdirp@0.5.1
62 silly currentTree ├── ms@0.7.1
62 silly currentTree ├── mute-stream@0.0.6
62 silly currentTree ├── namify@0.1.3
62 silly currentTree ├── ncp@0.4.2
62 silly currentTree ├── object-inspect@0.4.0
62 silly currentTree ├── once@1.3.3
62 silly currentTree ├── path-is-absolute@1.0.0
62 silly currentTree ├── pkginfo@0.4.0
62 silly currentTree ├── prompt@0.2.14
62 silly currentTree ├── qs@2.3.3
62 silly currentTree ├── read@1.0.7
62 silly currentTree ├── readable-stream@1.0.27-1
62 silly currentTree ├── reduce-component@1.0.1
62 silly currentTree ├── reserved@0.1.2
62 silly currentTree ├── resumer@0.0.0
62 silly currentTree ├── revalidator@0.1.8
62 silly currentTree ├─┬ rimraf@2.5.2
62 silly currentTree │ ├── glob@7.0.3
62 silly currentTree │ └── minimatch@3.0.0
62 silly currentTree ├── sigmund@1.0.1
62 silly currentTree ├── sprintf@0.1.5
62 silly currentTree ├── stack-trace@0.0.9
62 silly currentTree ├── string_decoder@0.10.31
62 silly currentTree ├── superagent@1.8.2
62 silly currentTree ├─┬ tape@3.6.1
62 silly currentTree │ └── glob@3.2.11
62 silly currentTree ├── through@2.3.8
62 silly currentTree ├─┬ utile@0.2.1
62 silly currentTree │ └── async@0.2.10
62 silly currentTree ├── uuid@2.0.1
62 silly currentTree ├─┬ winston@0.8.3
62 silly currentTree │ ├── async@0.2.10
62 silly currentTree │ └── pkginfo@0.3.1
62 silly currentTree └── wrappy@1.0.1
63 silly idealTree nodule-xslt@0.0.2
63 silly idealTree ├── async@1.5.2
63 silly idealTree ├── balanced-match@0.3.0
63 silly idealTree ├── brace-expansion@1.1.3
63 silly idealTree ├── chit@0.5.1
63 silly idealTree ├── chix-chi@0.3.2
63 silly idealTree ├── chix-flow@0.12.0
63 silly idealTree ├─┬ chix-loader@0.4.0
63 silly idealTree │ ├── glob@5.0.15
63 silly idealTree │ └── minimatch@3.0.0
63 silly idealTree ├── colors@0.6.2
63 silly idealTree ├── combined-stream@1.0.5
63 silly idealTree ├── commander@2.7.1
63 silly idealTree ├── component-emitter@1.2.0
63 silly idealTree ├── concat-map@0.0.1
63 silly idealTree ├── cookiejar@2.0.6
63 silly idealTree ├── core-util-is@1.0.2
63 silly idealTree ├── cycle@1.0.3
63 silly idealTree ├── d@0.1.1
63 silly idealTree ├── debug@2.2.0
63 silly idealTree ├── deep-equal@0.2.2
63 silly idealTree ├── defined@0.0.0
63 silly idealTree ├── delayed-stream@1.0.0
63 silly idealTree ├── dyslexer@0.3.2
63 silly idealTree ├── es5-ext@0.10.11
63 silly idealTree ├── es6-iterator@2.0.0
63 silly idealTree ├── es6-map@0.1.3
63 silly idealTree ├── es6-set@0.1.4
63 silly idealTree ├── es6-symbol@3.0.2
63 silly idealTree ├── event-emitter@0.3.4
63 silly idealTree ├── extend@3.0.0
63 silly idealTree ├── eyes@0.1.8
63 silly idealTree ├─┬ fbpx@1.4.1
63 silly idealTree │ └── chix-flow@0.11.3
63 silly idealTree ├── form-data@1.0.0-rc3
63 silly idealTree ├── formidable@1.0.17
63 silly idealTree ├─┬ glob@5.0.3
63 silly idealTree │ └── minimatch@2.0.10
63 silly idealTree ├── graceful-readlink@1.0.1
63 silly idealTree ├── i@0.3.4
63 silly idealTree ├── inflight@1.0.4
63 silly idealTree ├── inherits@2.0.1
63 silly idealTree ├── instance-of@1.0.5
63 silly idealTree ├── iobox@0.7.0
63 silly idealTree ├── is-plain-object@0.1.0
63 silly idealTree ├── isarray@0.0.1
63 silly idealTree ├── isstream@0.1.2
63 silly idealTree ├── json-gate@0.8.22
63 silly idealTree ├── libxsltjs@0.1.2
63 silly idealTree ├── lru-cache@2.7.3
63 silly idealTree ├── methods@1.1.2
63 silly idealTree ├── mime-db@1.22.0
63 silly idealTree ├── mime-types@2.1.10
63 silly idealTree ├── mime@1.3.4
63 silly idealTree ├── minimatch@0.3.0
63 silly idealTree ├── minimist@0.0.8
63 silly idealTree ├── mkdirp@0.5.1
63 silly idealTree ├── ms@0.7.1
63 silly idealTree ├── mute-stream@0.0.6
63 silly idealTree ├── namify@0.1.3
63 silly idealTree ├── ncp@0.4.2
63 silly idealTree ├── object-inspect@0.4.0
63 silly idealTree ├── once@1.3.3
63 silly idealTree ├── path-is-absolute@1.0.0
63 silly idealTree ├── pkginfo@0.4.0
63 silly idealTree ├── prompt@0.2.14
63 silly idealTree ├── qs@2.3.3
63 silly idealTree ├── read@1.0.7
63 silly idealTree ├── readable-stream@1.0.27-1
63 silly idealTree ├── reduce-component@1.0.1
63 silly idealTree ├── reserved@0.1.2
63 silly idealTree ├── resumer@0.0.0
63 silly idealTree ├── revalidator@0.1.8
63 silly idealTree ├─┬ rimraf@2.5.2
63 silly idealTree │ ├── glob@7.0.3
63 silly idealTree │ └── minimatch@3.0.0
63 silly idealTree ├── sigmund@1.0.1
63 silly idealTree ├── sprintf@0.1.5
63 silly idealTree ├── stack-trace@0.0.9
63 silly idealTree ├── string_decoder@0.10.31
63 silly idealTree ├── superagent@1.8.2
63 silly idealTree ├─┬ tape@3.6.1
63 silly idealTree │ └── glob@3.2.11
63 silly idealTree ├── through@2.3.8
63 silly idealTree ├─┬ utile@0.2.1
63 silly idealTree │ └── async@0.2.10
63 silly idealTree ├── uuid@2.0.1
63 silly idealTree ├─┬ winston@0.8.3
63 silly idealTree │ ├── async@0.2.10
63 silly idealTree │ └── pkginfo@0.3.1
63 silly idealTree └── wrappy@1.0.1
64 silly generateActionsToTake Starting
65 silly install generateActionsToTake
66 silly generateActionsToTake Finishing
67 silly diffTrees action count 1
68 silly diffTrees add libxsltjs@0.1.2
69 silly decomposeActions action count 8
70 silly decomposeActions fetch libxsltjs@0.1.2
71 silly decomposeActions extract libxsltjs@0.1.2
72 silly decomposeActions test libxsltjs@0.1.2
73 silly decomposeActions preinstall libxsltjs@0.1.2
74 silly decomposeActions build libxsltjs@0.1.2
75 silly decomposeActions install libxsltjs@0.1.2
76 silly decomposeActions postinstall libxsltjs@0.1.2
77 silly decomposeActions finalize libxsltjs@0.1.2
78 silly executeActions Starting
79 silly install executeActions
80 silly doSerial global-install 0
81 silly doParallel fetch 1
82 verbose correctMkdir /home/rhalff/.npm/_locks correctMkdir not in flight; initializing
83 verbose lock using /home/rhalff/.npm/_locks/staging-230c57428591a40d.lock for /srv/psichi/git/nodule/xslt/node_modules/.staging
84 silly doParallel extract 1
85 silly extract libxsltjs@0.1.2
86 verbose unbuild node_modules/.staging/libxsltjs-46a45c08
87 silly gentlyRm /srv/psichi/git/nodule/xslt/node_modules/.staging/libxsltjs-46a45c08 is being purged from base /srv/psichi/git/nodule/xslt
88 verbose gentlyRm don't care about contents; nuking /srv/psichi/git/nodule/xslt/node_modules/.staging/libxsltjs-46a45c08
89 verbose tar unpack /home/rhalff/.npm/libxsltjs/0.1.2/package.tgz
90 verbose tar unpacking to /srv/psichi/git/nodule/xslt/node_modules/.staging/libxsltjs-46a45c08
91 silly gentlyRm /srv/psichi/git/nodule/xslt/node_modules/.staging/libxsltjs-46a45c08 is being purged
92 verbose gentlyRm don't care about contents; nuking /srv/psichi/git/nodule/xslt/node_modules/.staging/libxsltjs-46a45c08
93 silly gunzTarPerm modes [ '775', '664' ]
94 silly gunzTarPerm extractEntry package.json
95 silly gunzTarPerm modified mode [ 'package.json', 484, 500 ]
96 silly gunzTarPerm extractEntry .npmignore
97 silly gunzTarPerm modified mode [ '.npmignore', 420, 436 ]
98 silly gunzTarPerm extractEntry README.md
99 silly gunzTarPerm modified mode [ 'README.md', 484, 500 ]
100 silly gunzTarPerm extractEntry binding.gyp
101 silly gunzTarPerm modified mode [ 'binding.gyp', 484, 500 ]
102 silly gunzTarPerm extractEntry src/libxsltjs.cc
103 silly gunzTarPerm modified mode [ 'src/libxsltjs.cc', 484, 500 ]
104 silly gunzTarPerm extractEntry src/libxsltjs.h
105 silly gunzTarPerm modified mode [ 'src/libxsltjs.h', 484, 500 ]
106 silly gentlyRm /srv/psichi/git/nodule/xslt/node_modules/.staging/libxsltjs-46a45c08/node_modules is being purged
107 verbose gentlyRm don't care about contents; nuking /srv/psichi/git/nodule/xslt/node_modules/.staging/libxsltjs-46a45c08/node_modules
108 silly doParallel preinstall 1
109 silly preinstall libxsltjs@0.1.2 /srv/psichi/git/nodule/xslt/node_modules/.staging/libxsltjs-46a45c08
110 info lifecycle libxsltjs@0.1.2~preinstall: libxsltjs@0.1.2
111 silly lifecycle libxsltjs@0.1.2~preinstall: no script for preinstall, continuing
112 silly doReverseSerial remove 0
113 silly doSerial move 0
114 silly doSerial finalize 1
115 silly finalize /srv/psichi/git/nodule/xslt/node_modules/libxsltjs
116 silly doSerial build 1
117 silly build libxsltjs@0.1.2
118 info linkStuff libxsltjs@0.1.2
119 silly linkStuff libxsltjs@0.1.2 has /srv/psichi/git/nodule/xslt/node_modules as its parent node_modules
120 verbose linkBins libxsltjs@0.1.2
121 verbose linkMans libxsltjs@0.1.2
122 silly doSerial global-link 0
123 silly doParallel update-linked 0
124 silly doSerial install 1
125 silly install libxsltjs@0.1.2 /srv/psichi/git/nodule/xslt/node_modules/.staging/libxsltjs-46a45c08
126 info lifecycle libxsltjs@0.1.2~install: libxsltjs@0.1.2
127 verbose lifecycle libxsltjs@0.1.2~install: unsafe-perm in lifecycle true
128 verbose lifecycle libxsltjs@0.1.2~install: PATH: /home/rhalff/.nvm/versions/node/v5.2.0/lib/node_modules/npm/bin/node-gyp-bin:/srv/psichi/git/nodule/xslt/node_modules/libxsltjs/node_modules/.bin:/srv/psichi/git/nodule/xslt/node_modules/.bin:/home/rhalff/.nvm/versions/node/v5.2.0/bin:/home/rhalff/.nvm/versions/node/v5.2.0/bin:/home/rhalff/bin:/usr/local/bin:/usr/local/sbin:/usr/local/bin:/usr/sbin:/usr/bin:/sbin:/bin:/usr/games:/usr/local/games:/home/rhalff/.rvm/bin:~/.composer/vendor/bin:/home/rhalff/Android/Sdk/tools:/home/rhalff/Android/Sdk/platform-tools:/home/rhalff/.rvm/bin:/usr/local/go/bin:/srv/rhalff/git/depot_tools
129 verbose lifecycle libxsltjs@0.1.2~install: CWD: /srv/psichi/git/nodule/xslt/node_modules/libxsltjs
130 silly lifecycle libxsltjs@0.1.2~install: Args: [ '-c', 'node-gyp rebuild' ]
131 silly lifecycle libxsltjs@0.1.2~install: Returned: code: 1  signal: null
132 info lifecycle libxsltjs@0.1.2~install: Failed to exec install script
133 verbose unlock done using /home/rhalff/.npm/_locks/staging-230c57428591a40d.lock for /srv/psichi/git/nodule/xslt/node_modules/.staging
134 silly rollbackFailedOptional Starting
135 silly rollbackFailedOptional Finishing
136 silly runTopLevelLifecycles Starting
137 silly runTopLevelLifecycles Finishing
138 silly install printInstalled
139 verbose stack Error: libxsltjs@0.1.2 install: `node-gyp rebuild`
139 verbose stack Exit status 1
139 verbose stack     at EventEmitter.<anonymous> (/home/rhalff/.nvm/versions/node/v5.2.0/lib/node_modules/npm/lib/utils/lifecycle.js:239:16)
139 verbose stack     at emitTwo (events.js:88:13)
139 verbose stack     at EventEmitter.emit (events.js:173:7)
139 verbose stack     at ChildProcess.<anonymous> (/home/rhalff/.nvm/versions/node/v5.2.0/lib/node_modules/npm/lib/utils/spawn.js:24:14)
139 verbose stack     at emitTwo (events.js:88:13)
139 verbose stack     at ChildProcess.emit (events.js:173:7)
139 verbose stack     at maybeClose (internal/child_process.js:819:16)
139 verbose stack     at Process.ChildProcess._handle.onexit (internal/child_process.js:212:5)
140 verbose pkgid libxsltjs@0.1.2
141 verbose cwd /srv/psichi/git/nodule/xslt
142 error Linux 4.2.0-30-lowlatency
143 error argv "/home/rhalff/.nvm/versions/node/v5.2.0/bin/node" "/home/rhalff/.nvm/versions/node/v5.2.0/bin/npm" "i" "libxsltjs" "--save"
144 error node v5.2.0
145 error npm  v3.7.2
146 error code ELIFECYCLE
147 error libxsltjs@0.1.2 install: `node-gyp rebuild`
147 error Exit status 1
148 error Failed at the libxsltjs@0.1.2 install script 'node-gyp rebuild'.
148 error Make sure you have the latest version of node.js and npm installed.
148 error If you do, this is most likely a problem with the libxsltjs package,
148 error not with npm itself.
148 error Tell the author that this fails on your system:
148 error     node-gyp rebuild
148 error You can get information on how to open an issue for this project with:
148 error     npm bugs libxsltjs
148 error Or if that isn't available, you can get their info via:
148 error     npm owner ls libxsltjs
148 error There is likely additional logging output above.
149 verbose exit [ 1, true ]
